0 info it worked if it ends with ok
1 verbose cli [ '/Users/arunsasikumarsobha1/.nvm/versions/io.js/v3.3.1/bin/iojs',
1 verbose cli   '/Users/arunsasikumarsobha1/.nvm/versions/io.js/v3.3.1/bin/npm',
1 verbose cli   'start' ]
2 info using npm@3.5.2
3 info using node@v3.3.1
4 verbose run-script [ 'prestart', 'start', 'poststart' ]
5 info lifecycle nodejs-training@1.0.0~prestart: nodejs-training@1.0.0
6 silly lifecycle nodejs-training@1.0.0~prestart: no script for prestart, continuing
7 info lifecycle nodejs-training@1.0.0~start: nodejs-training@1.0.0
8 verbose lifecycle nodejs-training@1.0.0~start: unsafe-perm in lifecycle true
9 verbose lifecycle nodejs-training@1.0.0~start: PATH: /Users/arunsasikumarsobha1/.nvm/versions/io.js/v3.3.1/lib/node_modules/npm/bin/node-gyp-bin:/Users/arunsasikumarsobha1/project/nodejs-training/node_modules/.bin:/Users/arunsasikumarsobha1/.nvm/versions/io.js/v3.3.1/bin:/usr/local/bin:/usr/bin:/bin:/usr/sbin:/sbin:/Library/Java/JavaVirtualMachines/jdk1.8.0_40.jdk/Contents/Home:/Users/arunsasikumarsobha1/Documents/Development/apache-maven-3.2.5/bin:/Users/arunsasikumarsobha1/Documents/Development/apache-tomcat-7.0.59/bin:/Users/arunsasikumarsobha1/Documents/Development/workspace:/Users/arunsasikumarsobha1/Documents/Development/apache-ant-1.9.4/bin
10 verbose lifecycle nodejs-training@1.0.0~start: CWD: /Users/arunsasikumarsobha1/project/nodejs-training
11 silly lifecycle nodejs-training@1.0.0~start: Args: [ '-c', 'bode index.js' ]
12 info lifecycle nodejs-training@1.0.0~start: Failed to exec start script
13 verbose stack Error: nodejs-training@1.0.0 start: `bode index.js`
13 verbose stack spawn ENOENT
13 verbose stack     at ChildProcess.<anonymous> (/Users/arunsasikumarsobha1/.nvm/versions/io.js/v3.3.1/lib/node_modules/npm/lib/utils/spawn.js:17:16)
13 verbose stack     at emitTwo (events.js:87:13)
13 verbose stack     at ChildProcess.emit (events.js:172:7)
13 verbose stack     at maybeClose (internal/child_process.js:764:16)
13 verbose stack     at Process.ChildProcess._handle.onexit (internal/child_process.js:211:5)
14 verbose pkgid nodejs-training@1.0.0
15 verbose cwd /Users/arunsasikumarsobha1/project/nodejs-training
16 error Darwin 14.4.0
17 error argv "/Users/arunsasikumarsobha1/.nvm/versions/io.js/v3.3.1/bin/iojs" "/Users/arunsasikumarsobha1/.nvm/versions/io.js/v3.3.1/bin/npm" "start"
18 error node v3.3.1
19 error npm  v3.5.2
20 error file sh
21 error code ELIFECYCLE
22 error errno ENOENT
23 error syscall spawn
24 error nodejs-training@1.0.0 start: `bode index.js`
24 error spawn ENOENT
25 error Failed at the nodejs-training@1.0.0 start script 'bode index.js'.
25 error Make sure you have the latest version of node.js and npm installed.
25 error If you do, this is most likely a problem with the nodejs-training package,
25 error not with npm itself.
25 error Tell the author that this fails on your system:
25 error     bode index.js
25 error You can get information on how to open an issue for this project with:
25 error     npm bugs nodejs-training
25 error Or if that isn't available, you can get their info via:
25 error     npm owner ls nodejs-training
25 error There is likely additional logging output above.
26 verbose exit [ 1, true ]
